[INFO] Console - predicting pockets for proteins from dataset [all_structures.ds]
[INFO] PredictPocketsRoutine - outdir: /mnt/c/Users/liza_/Documents/2. Studium/0 Master/Meet-EU/p2rank_2.4/test_output/predict_all_structures
[INFO] FeatureSetup - enabledFeatures: [chem, volsite, protrusion, bfactor, atom_table]
[INFO] Dataset - processing dataset [all_structures.ds] using 0 threads
[INFO] Dataset - 
------------------------------------------------------------------------------------------------------------------------
processing [5rme_OK.pdb] (4/17)
------------------------------------------------------------------------------------------------------------------------

[INFO] Dataset - 
------------------------------------------------------------------------------------------------------------------------
processing [5rm2_OK_A.pdb] (2/17)
------------------------------------------------------------------------------------------------------------------------

[INFO] Dataset - 
------------------------------------------------------------------------------------------------------------------------
processing [5rm2_OK.pdb] (1/17)
------------------------------------------------------------------------------------------------------------------------

[INFO] Dataset - 
------------------------------------------------------------------------------------------------------------------------
processing [5rm2_OK_B.pdb] (3/17)
------------------------------------------------------------------------------------------------------------------------

[INFO] Dataset - 
------------------------------------------------------------------------------------------------------------------------
processing [5rme_OK_A.pdb] (5/17)
------------------------------------------------------------------------------------------------------------------------

[INFO] Dataset - 
------------------------------------------------------------------------------------------------------------------------
processing [6zsl_OK.pdb] (7/17)
------------------------------------------------------------------------------------------------------------------------

[INFO] Dataset - 
------------------------------------------------------------------------------------------------------------------------
processing [5rme_OK_B.pdb] (6/17)
------------------------------------------------------------------------------------------------------------------------

[INFO] Console - processing [5rme_OK.pdb] (4/17)
[INFO] Dataset - 
------------------------------------------------------------------------------------------------------------------------
processing [6zsl_OK_A.pdb] (8/17)
------------------------------------------------------------------------------------------------------------------------

[INFO] Console - processing [5rme_OK_A.pdb] (5/17)
[INFO] Console - processing [6zsl_OK_A.pdb] (8/17)
[INFO] Dataset - 
------------------------------------------------------------------------------------------------------------------------
processing [6zsl_OK_B.pdb] (9/17)
------------------------------------------------------------------------------------------------------------------------

[INFO] Console - processing [6zsl_OK_B.pdb] (9/17)
[INFO] Console - processing [5rm2_OK_B.pdb] (3/17)
[INFO] Console - processing [5rm2_OK.pdb] (1/17)
[INFO] Console - processing [5rm2_OK_A.pdb] (2/17)
[INFO] Console - processing [5rme_OK_B.pdb] (6/17)
[INFO] Console - processing [6zsl_OK.pdb] (7/17)
[INFO] Protein - loading protein [/mnt/c/Users/liza_/Documents/2. Studium/0 Master/Meet-EU/meeteu/Nsp13Structures/6zsl_OK.pdb]
[INFO] Protein - loading protein [/mnt/c/Users/liza_/Documents/2. Studium/0 Master/Meet-EU/meeteu/Nsp13Structures/5rme_OK_B.pdb]
[INFO] Protein - loading protein [/mnt/c/Users/liza_/Documents/2. Studium/0 Master/Meet-EU/meeteu/Nsp13Structures/5rme_OK_A.pdb]
[INFO] Protein - loading protein [/mnt/c/Users/liza_/Documents/2. Studium/0 Master/Meet-EU/meeteu/Nsp13Structures/5rm2_OK_B.pdb]
[INFO] Protein - loading protein [/mnt/c/Users/liza_/Documents/2. Studium/0 Master/Meet-EU/meeteu/Nsp13Structures/5rm2_OK_A.pdb]
[INFO] Protein - loading protein [/mnt/c/Users/liza_/Documents/2. Studium/0 Master/Meet-EU/meeteu/Nsp13Structures/5rm2_OK.pdb]
[INFO] Protein - loading protein [/mnt/c/Users/liza_/Documents/2. Studium/0 Master/Meet-EU/meeteu/Nsp13Structures/5rme_OK.pdb]
[INFO] Protein - loading protein [/mnt/c/Users/liza_/Documents/2. Studium/0 Master/Meet-EU/meeteu/Nsp13Structures/6zsl_OK_A.pdb]
[INFO] Protein - loading protein [/mnt/c/Users/liza_/Documents/2. Studium/0 Master/Meet-EU/meeteu/Nsp13Structures/6zsl_OK_B.pdb]
[INFO] PdbUtils - loading file [../meeteu/Nsp13Structures/5rm2_OK_B.pdb]
[INFO] PdbUtils - loading file [../meeteu/Nsp13Structures/5rme_OK_B.pdb]
[INFO] PdbUtils - loading file [../meeteu/Nsp13Structures/5rm2_OK.pdb]
[INFO] PdbUtils - loading file [../meeteu/Nsp13Structures/5rme_OK.pdb]
[INFO] PdbUtils - loading file [../meeteu/Nsp13Structures/6zsl_OK_A.pdb]
[INFO] PdbUtils - loading file [../meeteu/Nsp13Structures/6zsl_OK.pdb]
[INFO] PdbUtils - loading file [../meeteu/Nsp13Structures/5rm2_OK_A.pdb]
[INFO] PdbUtils - loading file [../meeteu/Nsp13Structures/5rme_OK_A.pdb]
[INFO] PdbUtils - loading file [../meeteu/Nsp13Structures/6zsl_OK_B.pdb]
[INFO] Struct - groups in chain A: 592
[INFO] Struct - groups in chain A: 592
[INFO] Struct - 592 groups in chain A
[INFO] Struct - groups in chain A: 592
[INFO] Struct - groups in chain B: 592
[INFO] Struct - groups in chain A: 592
[INFO] Struct - groups in chain B: 592
[INFO] Struct - 592 groups in chain A
[INFO] Struct - groups in chain A: 592
[INFO] Struct - groups in chain B: 592
[INFO] Struct - 592 groups in chain B
[INFO] Struct - groups in chain A: 592
[INFO] Struct - groups in chain B: 592
[INFO] Struct - 592 groups in chain B
[INFO] Struct - 592 groups in chain A
[INFO] Protein - structure atoms: 9231
[INFO] Protein - protein   atoms: 4526
[INFO] Protein - ignoring ligands
[INFO] Protein - structure atoms: 9228
[INFO] Protein - protein   atoms: 4526
[INFO] Protein - ignoring ligands
[INFO] Protein - structure atoms: 9231
[INFO] Protein - protein   atoms: 4526
[INFO] Protein - ignoring ligands
[INFO] Protein - structure atoms: 9232
[INFO] Struct - groups in chain B: 592
[INFO] Struct - groups in chain B: 592
[INFO] Protein - protein   atoms: 4528
[INFO] Struct - 592 groups in chain B
[INFO] Protein - structure atoms: 9265
[INFO] Protein - protein   atoms: 4528
[INFO] Protein - ignoring ligands
[INFO] Protein - ignoring ligands
[INFO] FeatureSetup - enabledFeatures: [chem, volsite, protrusion, bfactor, atom_table]
[INFO] FeatureSetup - enabledFeatures: [chem, volsite, protrusion, bfactor, atom_table]
[INFO] FeatureSetup - enabledFeatures: [chem, volsite, protrusion, bfactor, atom_table]
[INFO] FeatureSetup - enabledFeatures: [chem, volsite, protrusion, bfactor, atom_table]
[INFO] FeatureSetup - enabledFeatures: [chem, volsite, protrusion, bfactor, atom_table]
[INFO] Protein - structure atoms: 9307
[INFO] Protein - protein   atoms: 4528
[INFO] Protein - ignoring ligands
[INFO] FeatureSetup - enabledFeatures: [chem, volsite, protrusion, bfactor, atom_table]
[INFO] Protein - SAS points: 8247
[INFO] Protein - SAS points: 8054
[INFO] Protein - exposed protein atoms: 2805 of 4528
[INFO] Protein - SAS points: 8167
[INFO] Protein - SAS points: 7919
[INFO] Protein - exposed protein atoms: 2792 of 4526
[INFO] Protein - SAS points: 8006
[INFO] InstancePredictor - Creating WekaInstancePredictor
[INFO] InstancePredictor - Creating WekaInstancePredictor
[INFO] Protein - exposed protein atoms: 2795 of 4528
[INFO] Protein - SAS points: 7960
[INFO] Protein - exposed protein atoms: 2822 of 4526
[INFO] Protein - exposed protein atoms: 2804 of 4526
[INFO] InstancePredictor - Creating WekaInstancePredictor
[INFO] InstancePredictor - Creating WekaInstancePredictor
[INFO] InstancePredictor - Creating WekaInstancePredictor
[INFO] Protein - exposed protein atoms: 2783 of 4528
[INFO] Struct - groups in chain A: 592
[INFO] Struct - groups in chain B: 592
[INFO] InstancePredictor - Creating WekaInstancePredictor
[INFO] Struct - groups in chain A: 592
[INFO] Struct - groups in chain A: 592
[INFO] Struct - groups in chain A: 592
[INFO] Struct - groups in chain B: 592
[INFO] Struct - groups in chain B: 592
[INFO] Struct - groups in chain A: 592
[INFO] Struct - 592 groups in chain A
[INFO] Struct - groups in chain B: 592
[INFO] Struct - 592 groups in chain B
[INFO] Protein - structure atoms: 18496
[INFO] Struct - 592 groups in chain A
[INFO] Struct - groups in chain A: 592
[INFO] Protein - protein   atoms: 9054
[INFO] Protein - ignoring ligands
[INFO] Struct - 592 groups in chain A
[INFO] Struct - groups in chain B: 592
[INFO] FeatureSetup - enabledFeatures: [chem, volsite, protrusion, bfactor, atom_table]
[INFO] Struct - 592 groups in chain B
[INFO] Struct - groups in chain B: 592
[INFO] Struct - 592 groups in chain B
[INFO] Protein - structure atoms: 18460
[INFO] Protein - protein   atoms: 9054
[INFO] Protein - structure atoms: 18538
[INFO] Protein - ignoring ligands
[INFO] FeatureSetup - enabledFeatures: [chem, volsite, protrusion, bfactor, atom_table]
[INFO] Protein - protein   atoms: 9054
[INFO] Protein - ignoring ligands
[INFO] FeatureSetup - enabledFeatures: [chem, volsite, protrusion, bfactor, atom_table]
[INFO] Protein - SAS points: 15564
[INFO] Protein - SAS points: 15261
[INFO] Protein - exposed protein atoms: 5578 of 9054
[INFO] Protein - exposed protein atoms: 5602 of 9054
[INFO] InstancePredictor - Creating WekaInstancePredictor
[INFO] InstancePredictor - Creating WekaInstancePredictor
[INFO] Protein - SAS points: 15405
[INFO] Protein - exposed protein atoms: 5568 of 9054
[INFO] InstancePredictor - Creating WekaInstancePredictor
[INFO] SLinkClusterer - clustering [295] elements
[INFO] SLinkClusterer - clustering [263] elements
[INFO] SLinkClusterer - clustering [271] elements
[INFO] SLinkClusterer - clusters: [id:11( 1 ), id:13( 4 ), id:14( 5 ), id:15( 1 ), id:16( 1 ), id:18( 2 ), id:22( 6 ), id:23( 2 ), id:37( 1 ), id:43( 1 ), id:44( 1 ), id:47( 4 ), id:65( 1 ), id:67( 2 ), id:68( 2 ), id:76( 3 ), id:107( 9 ), id:115( 2 ), id:125( 1 ), id:127( 1 ), id:144( 2 ), id:150( 10 ), id:162( 4 ), id:182( 43 ), id:190( 58 ), id:194( 3 ), id:203( 7 ), id:208( 7 ), id:214( 19 ), id:221( 1 ), id:224( 8 ), id:244( 58 ), id:259( 1 )]
[INFO] SLinkClusterer - clusters: [id:9( 1 ), id:13( 2 ), id:14( 1 ), id:16( 9 ), id:19( 3 ), id:21( 2 ), id:28( 6 ), id:53( 7 ), id:71( 1 ), id:72( 1 ), id:73( 5 ), id:88( 62 ), id:118( 1 ), id:131( 4 ), id:138( 46 ), id:153( 1 ), id:173( 4 ), id:195( 59 ), id:198( 16 ), id:210( 12 ), id:211( 15 ), id:220( 10 ), id:221( 1 ), id:225( 1 ), id:230( 1 ), id:232( 5 ), id:246( 1 ), id:250( 16 ), id:280( 1 ), id:293( 1 )]
[INFO] SLinkClusterer - clusters: [id:15( 1 ), id:17( 4 ), id:18( 1 ), id:21( 10 ), id:22( 1 ), id:26( 4 ), id:27( 1 ), id:42( 10 ), id:56( 1 ), id:61( 18 ), id:67( 2 ), id:78( 1 ), id:81( 1 ), id:82( 1 ), id:83( 1 ), id:126( 76 ), id:153( 2 ), id:155( 23 ), id:162( 13 ), id:168( 2 ), id:169( 2 ), id:192( 56 ), id:194( 14 ), id:197( 5 ), id:204( 9 ), id:216( 1 ), id:251( 2 ), id:261( 1 )]
[INFO] SLinkClusterer - clusters together: 271 / 271
[INFO] SLinkClusterer - clusters together: 295 / 295
[INFO] PocketPredictor - PREDICTING POCKETS.... ====================================
[INFO] PocketPredictor - SAS POINTS: 7919
[INFO] SLinkClusterer - clusters together: 263 / 263
[INFO] PocketPredictor - LIGANDABLE POINTS: 271
[INFO] PocketPredictor - CLUSTERS: 33
[INFO] PocketPredictor - PREDICTING POCKETS.... ====================================
[INFO] PocketPredictor - PREDICTING POCKETS.... ====================================
[INFO] PocketPredictor - FILTERED CLUSTERS: 16
[INFO] PocketPredictor - SAS POINTS: 8247
[INFO] PocketPredictor - LIGANDABLE POINTS: 263
[INFO] PocketPredictor - SAS POINTS: 8054
[INFO] PocketPredictor - CLUSTERS: 28
[INFO] PocketPredictor - LIGANDABLE POINTS: 295
[INFO] PocketPredictor - FILTERED CLUSTERS: 12
[INFO] PocketPredictor - CLUSTERS: 30
[INFO] PocketPredictor - FILTERED CLUSTERS: 16
[INFO] SLinkClusterer - clustering [295] elements
[INFO] SLinkClusterer - clusters: [id:12( 1 ), id:14( 2 ), id:17( 8 ), id:18( 1 ), id:19( 3 ), id:20( 1 ), id:28( 8 ), id:67( 8 ), id:68( 1 ), id:69( 2 ), id:76( 1 ), id:113( 11 ), id:128( 72 ), id:130( 4 ), id:135( 45 ), id:151( 1 ), id:157( 16 ), id:167( 2 ), id:195( 52 ), id:197( 15 ), id:200( 4 ), id:201( 1 ), id:211( 11 ), id:228( 1 ), id:229( 2 ), id:245( 3 ), id:249( 17 ), id:294( 2 )]
[INFO] SLinkClusterer - clusters together: 295 / 295
[INFO] PocketPredictor - PREDICTING POCKETS.... ====================================
[INFO] PocketPredictor - SAS POINTS: 7960
[INFO] PocketPredictor - LIGANDABLE POINTS: 295
[INFO] PocketPredictor - CLUSTERS: 28
[INFO] PocketPredictor - FILTERED CLUSTERS: 15
[INFO] SLinkClusterer - clustering [277] elements
[INFO] SLinkClusterer - clusters: [id:5( 1 ), id:9( 1 ), id:12( 1 ), id:17( 5 ), id:22( 10 ), id:23( 1 ), id:25( 2 ), id:30( 5 ), id:37( 3 ), id:40( 7 ), id:58( 13 ), id:66( 4 ), id:78( 2 ), id:124( 65 ), id:146( 4 ), id:151( 16 ), id:159( 3 ), id:165( 17 ), id:166( 1 ), id:172( 4 ), id:194( 59 ), id:201( 16 ), id:204( 13 ), id:208( 2 ), id:210( 9 ), id:218( 1 ), id:223( 1 ), id:234( 1 ), id:236( 6 ), id:265( 2 ), id:271( 2 )]
[INFO] SLinkClusterer - clusters together: 277 / 277
[INFO] PocketPredictor - PREDICTING POCKETS.... ====================================
[INFO] PocketPredictor - SAS POINTS: 8006
[INFO] PocketPredictor - LIGANDABLE POINTS: 277
[INFO] PocketPredictor - CLUSTERS: 31
[INFO] PocketPredictor - FILTERED CLUSTERS: 18
[INFO] SLinkClusterer - clustering [275] elements
[INFO] SLinkClusterer - clusters: [id:9( 2 ), id:11( 1 ), id:19( 5 ), id:20( 1 ), id:24( 9 ), id:29( 6 ), id:31( 1 ), id:32( 1 ), id:33( 3 ), id:34( 1 ), id:37( 2 ), id:49( 8 ), id:63( 36 ), id:76( 3 ), id:85( 63 ), id:90( 1 ), id:91( 1 ), id:92( 1 ), id:93( 1 ), id:95( 1 ), id:154( 32 ), id:155( 1 ), id:156( 1 ), id:168( 1 ), id:173( 16 ), id:174( 1 ), id:175( 1 ), id:179( 1 ), id:207( 7 ), id:208( 17 ), id:213( 13 ), id:216( 8 ), id:217( 1 ), id:219( 23 ), id:222( 1 ), id:231( 1 ), id:240( 2 ), id:263( 1 )]
[INFO] SLinkClusterer - clusters together: 275 / 275
[INFO] PocketPredictor - PREDICTING POCKETS.... ====================================
[INFO] PocketPredictor - SAS POINTS: 8167
[INFO] PocketPredictor - pocket 1 -  surf_atoms:  70   points:  76   score:   29.1
[INFO] PocketPredictor - pocket 1 -  surf_atoms:  56   points:  62   score:   21.8
[INFO] PocketPredictor - pocket 1 -  surf_atoms:  66   points:  72   score:   25.6
[INFO] PocketPredictor - pocket 1 -  surf_atoms:  67   points:  65   score:   26.0
[INFO] PocketPredictor - LIGANDABLE POINTS: 275
[INFO] PocketPredictor - CLUSTERS: 38
[INFO] PocketPredictor - FILTERED CLUSTERS: 15
[INFO] PocketPredictor - pocket 1 -  surf_atoms:  63   points:  58   score:   21.4
[INFO] PocketPredictor - pocket 2 -  surf_atoms:  55   points:  52   score:   20.4
[INFO] PocketPredictor - pocket 2 -  surf_atoms:  47   points:  58   score:   19.6
[INFO] PocketPredictor - pocket 2 -  surf_atoms:  84   points:  56   score:   18.4
[INFO] PocketPredictor - pocket 2 -  surf_atoms:  59   points:  59   score:   20.1
[INFO] PocketPredictor - pocket 3 -  surf_atoms:  33   points:  18   score:    6.7
[INFO] PocketPredictor - pocket 4 -  surf_atoms:  31   points:  13   score:    5.6
[INFO] PocketPredictor - pocket 5 -  surf_atoms:  21   points:  23   score:    5.5
[INFO] PocketPredictor - pocket 6 -  surf_atoms:  37   points:  14   score:    4.1
[INFO] PocketPredictor - pocket 2 -  surf_atoms:  86   points:  59   score:   18.9
[INFO] PocketPredictor - pocket 7 -  surf_atoms:  19   points:  10   score:    3.7
[INFO] PocketPredictor - pocket 3 -  surf_atoms:  65   points:  43   score:   14.3
[INFO] PocketPredictor - pocket 8 -  surf_atoms:  21   points:  10   score:    3.7
[INFO] PocketPredictor - pocket 3 -  surf_atoms:  68   points:  46   score:   15.0
[INFO] PocketPredictor - pocket 4 -  surf_atoms:  24   points:  19   score:    5.4
[INFO] PocketPredictor - pocket 4 -  surf_atoms:  29   points:  15   score:    7.4
[INFO] PocketPredictor - pocket 5 -  surf_atoms:  28   points:  16   score:    5.1
[INFO] PocketPredictor - pocket 3 -  surf_atoms:  66   points:  45   score:   14.3
[INFO] PocketPredictor - pocket 4 -  surf_atoms:  31   points:  17   score:    5.9
[INFO] PocketPredictor - pocket 6 -  surf_atoms:  24   points:  16   score:    4.3
[INFO] PocketPredictor - pocket 5 -  surf_atoms:  26   points:  11   score:    5.6
[INFO] PocketPredictor - pocket 7 -  surf_atoms:  24   points:  10   score:    4.0
[INFO] PocketPredictor - pocket 8 -  surf_atoms:  18   points:  12   score:    3.9
[INFO] PocketPredictor - pocket 9 -  surf_atoms:  16   points:   9   score:    3.2
[INFO] PocketPredictor - pocket10 -  surf_atoms:  23   points:   7   score:    2.7
[INFO] PocketPredictor - pocket11 -  surf_atoms:  20   points:   4   score:    2.4
[INFO] PocketPredictor - pocket 5 -  surf_atoms:  23   points:   9   score:    4.7
[INFO] PocketPredictor - pocket 6 -  surf_atoms:  14   points:   7   score:    3.3
[INFO] PocketPredictor - pocket12 -  surf_atoms:  18   points:   6   score:    2.2
[INFO] PocketPredictor - pocket 7 -  surf_atoms:  25   points:  10   score:    3.1
[INFO] PocketPredictor - pocket 8 -  surf_atoms:  21   points:   8   score:    3.1
[INFO] PocketPredictor - pocket 9 -  surf_atoms:  15   points:   9   score:    3.0
[INFO] PocketPredictor - pocket10 -  surf_atoms:  12   points:   4   score:    1.9
[INFO] PocketPredictor - pocket 9 -  surf_atoms:  16   points:   7   score:    2.5
[INFO] PocketPredictor - pocket11 -  surf_atoms:  18   points:   5   score:    1.9
[INFO] PocketPredictor - pocket10 -  surf_atoms:  16   points:   4   score:    2.2
[INFO] PocketPredictor - pocket11 -  surf_atoms:  12   points:   5   score:    2.2
[INFO] PocketPredictor - pocket12 -  surf_atoms:  17   points:   6   score:    2.1
[INFO] PocketPredictor - pocket13 -  surf_atoms:  15   points:   3   score:    1.8
[INFO] PocketPredictor - pocket14 -  surf_atoms:  16   points:   3   score:    1.6
[INFO] PocketPredictor - pocket15 -  surf_atoms:  20   points:   4   score:    1.5
[INFO] PocketPredictor - pocket 1 -  surf_atoms:  81   points:  63   score:   22.2
[INFO] PocketPredictor - pocket16 -  surf_atoms:  10   points:   4   score:    1.4
[INFO] PocketPredictor - pocket13 -  surf_atoms:  15   points:   4   score:    1.8
[INFO] PocketPredictor - pocket 3 -  surf_atoms:  34   points:  16   score:    6.8
[INFO] PocketPredictor - pocket 6 -  surf_atoms:  26   points:  15   score:    5.0
[INFO] PocketPredictor - pocket 4 -  surf_atoms:  22   points:  17   score:    6.1
[INFO] PocketPredictor - pocket 7 -  surf_atoms:  22   points:  16   score:    4.0
[INFO] PocketPredictor - pocket 8 -  surf_atoms:  23   points:  11   score:    3.7
[INFO] PocketPredictor - pocket14 -  surf_atoms:  10   points:   5   score:    1.7
[INFO] PocketPredictor - pocket15 -  surf_atoms:  17   points:   5   score:    1.7
[INFO] PocketPredictor - pocket16 -  surf_atoms:   6   points:   3   score:    0.7
[INFO] PocketPredictor - pocket12 -  surf_atoms:  13   points:   4   score:    1.7
[INFO] PocketPredictor - pocket 9 -  surf_atoms:  19   points:   8   score:    3.4
[INFO] PocketPredictor - pocket 2 -  surf_atoms:  35   points:  32   score:   11.1
[INFO] PocketPredictor - pocket 5 -  surf_atoms:  34   points:  13   score:    5.7
[INFO] PocketPredictor - pocket10 -  surf_atoms:  16   points:   8   score:    3.4
[INFO] PocketPredictor - pocket11 -  surf_atoms:  15   points:   8   score:    2.6
[INFO] PocketPredictor - pocket12 -  surf_atoms:  11   points:   4   score:    1.8
[INFO] PocketPredictor - pocket13 -  surf_atoms:  19   points:   4   score:    1.7
[INFO] PocketPredictor - pocket14 -  surf_atoms:  12   points:   3   score:    1.0
[INFO] PocketPredictor - pocket15 -  surf_atoms:  11   points:   3   score:    0.9
[INFO] PocketPredictor - pocket 3 -  surf_atoms:  54   points:  36   score:   11.0
[INFO] PocketPredictor - pocket 6 -  surf_atoms:  34   points:  16   score:    4.4
[INFO] PocketPredictor - pocket 7 -  surf_atoms:  19   points:  13   score:    4.3
[INFO] PocketPredictor - pocket 8 -  surf_atoms:  19   points:  10   score:    4.0
[INFO] PocketPredictor - pocket 9 -  surf_atoms:  16   points:   9   score:    3.7
[INFO] PocketPredictor - pocket10 -  surf_atoms:  29   points:   7   score:    3.4
[INFO] PocketPredictor - pocket 4 -  surf_atoms:  31   points:  23   score:   10.4
[INFO] PocketPredictor - pocket11 -  surf_atoms:  19   points:   6   score:    2.7
[INFO] PocketPredictor - pocket12 -  surf_atoms:  18   points:   4   score:    2.5
[INFO] PocketPredictor - pocket13 -  surf_atoms:  17   points:   3   score:    2.4
[INFO] PocketPredictor - pocket14 -  surf_atoms:  19   points:   3   score:    2.1
[INFO] PocketPredictor - pocket15 -  surf_atoms:  12   points:   5   score:    1.8
[INFO] PocketPredictor - pocket16 -  surf_atoms:  12   points:   4   score:    1.8
[INFO] PocketPredictor - pocket17 -  surf_atoms:   8   points:   5   score:    1.6
[INFO] PocketPredictor - pocket18 -  surf_atoms:  20   points:   4   score:    1.3
[INFO] PocketPredictor - pocket 5 -  surf_atoms:  41   points:  17   score:    4.9
[INFO] PocketPredictor - pocket 6 -  surf_atoms:  25   points:  16   score:    4.3
[INFO] PocketPredictor - pocket 7 -  surf_atoms:  23   points:  13   score:    4.3
[INFO] PocketPredictor - pocket 8 -  surf_atoms:  24   points:   8   score:    3.9
[INFO] PocketPredictor - pocket 9 -  surf_atoms:  21   points:   8   score:    3.6
[INFO] PocketPredictor - pocket10 -  surf_atoms:  22   points:   9   score:    3.5
[INFO] PocketPredictor - pocket11 -  surf_atoms:  17   points:   5   score:    2.3
[INFO] PocketPredictor - pocket12 -  surf_atoms:  22   points:   7   score:    2.2
[INFO] PocketPredictor - pocket13 -  surf_atoms:  16   points:   3   score:    1.7
[INFO] PocketPredictor - pocket14 -  surf_atoms:   9   points:   6   score:    1.6
[INFO] PocketPredictor - pocket15 -  surf_atoms:  12   points:   3   score:    0.8
[INFO] OldPymolRenderer - copying [/mnt/c/Users/liza_/Documents/2. Studium/0 Master/Meet-EU/meeteu/Nsp13Structures/6zsl_OK_A.pdb] to [/mnt/c/Users/liza_/Documents/2. Studium/0 Master/Meet-EU/p2rank_2.4/test_output/predict_all_structures/visualizations/data/6zsl_OK_A.pdb]
[INFO] OldPymolRenderer - copying [/mnt/c/Users/liza_/Documents/2. Studium/0 Master/Meet-EU/meeteu/Nsp13Structures/5rm2_OK_A.pdb] to [/mnt/c/Users/liza_/Documents/2. Studium/0 Master/Meet-EU/p2rank_2.4/test_output/predict_all_structures/visualizations/data/5rm2_OK_A.pdb]
[INFO] OldPymolRenderer - copying [/mnt/c/Users/liza_/Documents/2. Studium/0 Master/Meet-EU/meeteu/Nsp13Structures/5rme_OK_B.pdb] to [/mnt/c/Users/liza_/Documents/2. Studium/0 Master/Meet-EU/p2rank_2.4/test_output/predict_all_structures/visualizations/data/5rme_OK_B.pdb]
[INFO] OldPymolRenderer - copying [/mnt/c/Users/liza_/Documents/2. Studium/0 Master/Meet-EU/meeteu/Nsp13Structures/6zsl_OK_B.pdb] to [/mnt/c/Users/liza_/Documents/2. Studium/0 Master/Meet-EU/p2rank_2.4/test_output/predict_all_structures/visualizations/data/6zsl_OK_B.pdb]
[INFO] OldPymolRenderer - copying [/mnt/c/Users/liza_/Documents/2. Studium/0 Master/Meet-EU/meeteu/Nsp13Structures/5rme_OK_A.pdb] to [/mnt/c/Users/liza_/Documents/2. Studium/0 Master/Meet-EU/p2rank_2.4/test_output/predict_all_structures/visualizations/data/5rme_OK_A.pdb]
[INFO] OldPymolRenderer - copying [/mnt/c/Users/liza_/Documents/2. Studium/0 Master/Meet-EU/meeteu/Nsp13Structures/5rm2_OK_B.pdb] to [/mnt/c/Users/liza_/Documents/2. Studium/0 Master/Meet-EU/p2rank_2.4/test_output/predict_all_structures/visualizations/data/5rm2_OK_B.pdb]
[INFO] Dataset - 
------------------------------------------------------------------------------------------------------------------------
processing [7nio_OK.pdb] (10/17)
------------------------------------------------------------------------------------------------------------------------

[INFO] Dataset - 
------------------------------------------------------------------------------------------------------------------------
processing [7nio_OK_A.pdb] (11/17)
------------------------------------------------------------------------------------------------------------------------

[INFO] Console - processing [7nio_OK.pdb] (10/17)
[INFO] Protein - loading protein [/mnt/c/Users/liza_/Documents/2. Studium/0 Master/Meet-EU/meeteu/Nsp13Structures/7nio_OK.pdb]
[INFO] PdbUtils - loading file [../meeteu/Nsp13Structures/7nio_OK.pdb]
[INFO] Console - processing [7nio_OK_A.pdb] (11/17)
[INFO] Protein - loading protein [/mnt/c/Users/liza_/Documents/2. Studium/0 Master/Meet-EU/meeteu/Nsp13Structures/7nio_OK_A.pdb]
[INFO] PdbUtils - loading file [../meeteu/Nsp13Structures/7nio_OK_A.pdb]
[INFO] Dataset - 
------------------------------------------------------------------------------------------------------------------------
processing [7nio_OK_E.pdb] (12/17)
------------------------------------------------------------------------------------------------------------------------

[INFO] Console - processing [7nio_OK_E.pdb] (12/17)
[INFO] Protein - loading protein [/mnt/c/Users/liza_/Documents/2. Studium/0 Master/Meet-EU/meeteu/Nsp13Structures/7nio_OK_E.pdb]
[INFO] PdbUtils - loading file [../meeteu/Nsp13Structures/7nio_OK_E.pdb]
[INFO] Dataset - 
------------------------------------------------------------------------------------------------------------------------
processing [7nn0_OK.pdb] (13/17)
------------------------------------------------------------------------------------------------------------------------

[INFO] Console - processing [7nn0_OK.pdb] (13/17)
[INFO] Protein - loading protein [/mnt/c/Users/liza_/Documents/2. Studium/0 Master/Meet-EU/meeteu/Nsp13Structures/7nn0_OK.pdb]
[INFO] PdbUtils - loading file [../meeteu/Nsp13Structures/7nn0_OK.pdb]
[INFO] Dataset - 
------------------------------------------------------------------------------------------------------------------------
processing [7nn0_OK_A.pdb] (14/17)
------------------------------------------------------------------------------------------------------------------------

[INFO] Console - processing [7nn0_OK_A.pdb] (14/17)
[INFO] Protein - loading protein [/mnt/c/Users/liza_/Documents/2. Studium/0 Master/Meet-EU/meeteu/Nsp13Structures/7nn0_OK_A.pdb]
[INFO] PdbUtils - loading file [../meeteu/Nsp13Structures/7nn0_OK_A.pdb]
[INFO] Struct - groups in chain E: 592
[INFO] Struct - groups in chain E: 592
[INFO] Struct - groups in chain A: 594
[INFO] Struct - 592 groups in chain E
[INFO] Struct - groups in chain A: 594
[INFO] Struct - 594 groups in chain A
[INFO] Dataset - 
------------------------------------------------------------------------------------------------------------------------
processing [7nn0_OK_B.pdb] (15/17)
------------------------------------------------------------------------------------------------------------------------

[INFO] Console - processing [7nn0_OK_B.pdb] (15/17)
[INFO] Protein - loading protein [/mnt/c/Users/liza_/Documents/2. Studium/0 Master/Meet-EU/meeteu/Nsp13Structures/7nn0_OK_B.pdb]
[INFO] PdbUtils - loading file [../meeteu/Nsp13Structures/7nn0_OK_B.pdb]
[INFO] Protein - structure atoms: 9248
[INFO] Protein - structure atoms: 9221
[INFO] Protein - protein   atoms: 4541
[INFO] Protein - ignoring ligands
[INFO] FeatureSetup - enabledFeatures: [chem, volsite, protrusion, bfactor, atom_table]
[INFO] Protein - protein   atoms: 4528
[INFO] Protein - ignoring ligands
[INFO] FeatureSetup - enabledFeatures: [chem, volsite, protrusion, bfactor, atom_table]
[INFO] Struct - groups in chain A: 594
[INFO] Struct - groups in chain E: 592
[INFO] Struct - groups in chain A: 594
[INFO] Struct - 594 groups in chain A
[INFO] Struct - groups in chain E: 592
[INFO] Struct - 592 groups in chain E
[INFO] Protein - structure atoms: 18469
[INFO] Protein - protein   atoms: 9069
[INFO] Protein - ignoring ligands
[INFO] FeatureSetup - enabledFeatures: [chem, volsite, protrusion, bfactor, atom_table]
[INFO] Protein - SAS points: 7682
[INFO] Protein - exposed protein atoms: 2775 of 4528
[INFO] Protein - SAS points: 7898
[INFO] InstancePredictor - Creating WekaInstancePredictor
[INFO] Protein - exposed protein atoms: 2804 of 4541
[INFO] InstancePredictor - Creating WekaInstancePredictor
[INFO] Struct - groups in chain A: 592
[INFO] Struct - groups in chain A: 592
[INFO] Struct - 592 groups in chain A
[INFO] Struct - groups in chain B: 594
[INFO] Struct - groups in chain B: 594
[INFO] Struct - 594 groups in chain B
[INFO] Protein - structure atoms: 9265
[INFO] Protein - structure atoms: 9293
[INFO] Protein - protein   atoms: 4528
[INFO] Protein - protein   atoms: 4541
[INFO] Protein - ignoring ligands
[INFO] FeatureSetup - enabledFeatures: [chem, volsite, protrusion, bfactor, atom_table]
[INFO] Protein - ignoring ligands
[INFO] FeatureSetup - enabledFeatures: [chem, volsite, protrusion, bfactor, atom_table]
[INFO] SLinkClusterer - clustering [657] elements
[INFO] SLinkClusterer - clusters: [id:6( 2 ), id:7( 1 ), id:11( 1 ), id:14( 1 ), id:19( 5 ), id:24( 10 ), id:25( 1 ), id:27( 2 ), id:32( 5 ), id:39( 3 ), id:43( 9 ), id:61( 13 ), id:69( 4 ), id:93( 1 ), id:94( 2 ), id:98( 1 ), id:103( 33 ), id:106( 1 ), id:150( 65 ), id:170( 1 ), id:173( 1 ), id:191( 3 ), id:196( 1 ), id:198( 4 ), id:211( 3 ), id:217( 17 ), id:218( 1 ), id:220( 16 ), id:227( 7 ), id:249( 59 ), id:256( 16 ), id:259( 13 ), id:263( 2 ), id:265( 9 ), id:273( 1 ), id:278( 1 ), id:289( 1 ), id:291( 6 ), id:320( 2 ), id:326( 2 ), id:344( 7 ), id:352( 1 ), id:354( 4 ), id:355( 6 ), id:356( 1 ), id:357( 1 ), id:359( 2 ), id:363( 7 ), id:364( 2 ), id:378( 1 ), id:384( 1 ), id:385( 1 ), id:388( 4 ), id:406( 1 ), id:409( 11 ), id:420( 17 ), id:422( 1 ), id:423( 6 ), id:429( 2 ), id:430( 2 ), id:442( 3 ), id:452( 3 ), id:484( 9 ), id:491( 2 ), id:506( 7 ), id:508( 2 ), id:526( 2 ), id:532( 10 ), id:546( 10 ), id:568( 43 ), id:576( 58 ), id:580( 3 ), id:589( 7 ), id:594( 7 ), id:600( 19 ), id:607( 1 ), id:612( 8 ), id:630( 58 ), id:645( 1 )]
[INFO] SLinkClusterer - clusters together: 657 / 657
[INFO] PocketPredictor - PREDICTING POCKETS.... ====================================
[INFO] PocketPredictor - SAS POINTS: 15261
[INFO] PocketPredictor - LIGANDABLE POINTS: 657
[INFO] PocketPredictor - CLUSTERS: 79
[INFO] PocketPredictor - FILTERED CLUSTERS: 42
[INFO] SLinkClusterer - clustering [657] elements
[INFO] PocketPredictor - pocket 1 -  surf_atoms:  67   points:  65   score:   26.0
[INFO] PocketPredictor - pocket 2 -  surf_atoms:  63   points:  58   score:   21.4
[INFO] PocketPredictor - pocket 3 -  surf_atoms:  47   points:  58   score:   19.6
[INFO] PocketPredictor - pocket 4 -  surf_atoms:  86   points:  59   score:   18.9
[INFO] PocketPredictor - pocket 5 -  surf_atoms:  65   points:  43   score:   14.4
[INFO] PocketPredictor - pocket 6 -  surf_atoms:  42   points:  33   score:   10.6
[INFO] PocketPredictor - pocket 7 -  surf_atoms:  34   points:  16   score:    6.9
[INFO] PocketPredictor - pocket 8 -  surf_atoms:  22   points:  17   score:    6.1
[INFO] PocketPredictor - pocket 9 -  surf_atoms:  43   points:  17   score:    5.9
[INFO] PocketPredictor - pocket10 -  surf_atoms:  34   points:  13   score:    5.7
[INFO] PocketPredictor - pocket11 -  surf_atoms:  24   points:  19   score:    5.4
[INFO] SLinkClusterer - clusters: [id:18( 1 ), id:20( 4 ), id:21( 1 ), id:24( 10 ), id:25( 1 ), id:29( 4 ), id:30( 1 ), id:45( 11 ), id:59( 1 ), id:64( 18 ), id:70( 2 ), id:77( 1 ), id:84( 1 ), id:99( 2 ), id:100( 1 ), id:104( 1 ), id:105( 1 ), id:150( 76 ), id:188( 2 ), id:190( 23 ), id:197( 13 ), id:208( 8 ), id:231( 56 ), id:233( 14 ), id:236( 5 ), id:243( 9 ), id:255( 1 ), id:290( 2 ), id:300( 1 ), id:309( 10 ), id:318( 1 ), id:322( 1 ), id:326( 2 ), id:327( 1 ), id:329( 10 ), id:332( 3 ), id:334( 2 ), id:342( 8 ), id:367( 7 ), id:385( 9 ), id:397( 28 ), id:400( 2 ), id:403( 1 ), id:409( 20 ), id:414( 2 ), id:416( 5 ), id:431( 62 ), id:461( 1 ), id:475( 5 ), id:482( 7 ), id:488( 3 ), id:495( 46 ), id:496( 1 ), id:511( 1 ), id:531( 9 ), id:557( 59 ), id:560( 16 ), id:572( 12 ), id:573( 15 ), id:582( 10 ), id:583( 1 ), id:587( 1 ), id:593( 5 ), id:594( 1 ), id:608( 1 ), id:612( 16 ), id:642( 1 ), id:655( 1 )]
[INFO] PocketPredictor - pocket12 -  surf_atoms:  23   points:   9   score:    4.7
[INFO] PocketPredictor - pocket13 -  surf_atoms:  29   points:   7   score:    4.6
[INFO] PocketPredictor - pocket14 -  surf_atoms:  21   points:  10   score:    4.6
[INFO] PocketPredictor - pocket15 -  surf_atoms:  34   points:  16   score:    4.4
[INFO] PocketPredictor - pocket16 -  surf_atoms:  19   points:  13   score:    4.3
[INFO] PocketPredictor - pocket17 -  surf_atoms:  19   points:  10   score:    4.0
[INFO] PocketPredictor - pocket18 -  surf_atoms:  23   points:  11   score:    3.9
[INFO] PocketPredictor - pocket19 -  surf_atoms:  31   points:   9   score:    3.7
[INFO] PocketPredictor - pocket20 -  surf_atoms:  16   points:   9   score:    3.7
[INFO] PocketPredictor - pocket21 -  surf_atoms:  14   points:   7   score:    3.3
[INFO] PocketPredictor - pocket22 -  surf_atoms:  25   points:  10   score:    3.1
[INFO] PocketPredictor - pocket23 -  surf_atoms:  21   points:   8   score:    3.1
[INFO] PocketPredictor - pocket24 -  surf_atoms:  15   points:   7   score:    3.0
[INFO] PocketPredictor - pocket25 -  surf_atoms:  18   points:   4   score:    2.8
[INFO] PocketPredictor - pocket26 -  surf_atoms:  19   points:   6   score:    2.7
[INFO] PocketPredictor - pocket27 -  surf_atoms:  17   points:   7   score:    2.6
[INFO] PocketPredictor - pocket28 -  surf_atoms:  16   points:   7   score:    2.5
[INFO] PocketPredictor - pocket29 -  surf_atoms:  17   points:   6   score:    2.4
[INFO] PocketPredictor - pocket30 -  surf_atoms:  17   points:   3   score:    2.4
[INFO] PocketPredictor - pocket31 -  surf_atoms:  17   points:   7   score:    2.4
[INFO] PocketPredictor - pocket32 -  surf_atoms:  15   points:   3   score:    2.3
[INFO] PocketPredictor - pocket33 -  surf_atoms:  13   points:   6   score:    2.3
[INFO] PocketPredictor - pocket34 -  surf_atoms:  19   points:   3   score:    2.1
[INFO] PocketPredictor - pocket35 -  surf_atoms:  15   points:   3   score:    1.8
[INFO] PocketPredictor - pocket36 -  surf_atoms:  12   points:   5   score:    1.8
[INFO] PocketPredictor - pocket37 -  surf_atoms:  16   points:   3   score:    1.6
[INFO] PocketPredictor - pocket38 -  surf_atoms:   8   points:   5   score:    1.6
[INFO] PocketPredictor - pocket39 -  surf_atoms:  20   points:   4   score:    1.5
[INFO] PocketPredictor - pocket40 -  surf_atoms:  10   points:   4   score:    1.4
[INFO] PocketPredictor - pocket41 -  surf_atoms:  20   points:   4   score:    1.3
[INFO] PocketPredictor - pocket42 -  surf_atoms:  12   points:   3   score:    1.1
[INFO] SLinkClusterer - clusters together: 657 / 657
[INFO] PocketPredictor - PREDICTING POCKETS.... ====================================
[INFO] PocketPredictor - SAS POINTS: 15564
[INFO] PocketPredictor - LIGANDABLE POINTS: 657
[INFO] PocketPredictor - CLUSTERS: 68
[INFO] PocketPredictor - FILTERED CLUSTERS: 35
[INFO] PocketPredictor - pocket 1 -  surf_atoms:  70   points:  76   score:   29.1
[INFO] PocketPredictor - pocket 2 -  surf_atoms:  56   points:  62   score:   21.8
[INFO] PocketPredictor - pocket 3 -  surf_atoms:  59   points:  59   score:   20.1
[INFO] PocketPredictor - pocket 4 -  surf_atoms:  84   points:  56   score:   18.4
[INFO] PocketPredictor - pocket 5 -  surf_atoms:  68   points:  46   score:   15.2
[INFO] PocketPredictor - pocket 6 -  surf_atoms:  53   points:  28   score:    9.7
[INFO] PocketPredictor - pocket 7 -  surf_atoms:  44   points:  20   score:    8.4
[INFO] PocketPredictor - pocket 8 -  surf_atoms:  29   points:  15   score:    7.4
[INFO] PocketPredictor - pocket 9 -  surf_atoms:  33   points:  18   score:    6.7
[INFO] PocketPredictor - pocket10 -  surf_atoms:  31   points:  13   score:    5.6
[INFO] PocketPredictor - pocket11 -  surf_atoms:  21   points:  23   score:    5.5
[INFO] PocketPredictor - pocket12 -  surf_atoms:  28   points:  16   score:    5.1
[INFO] PocketPredictor - pocket13 -  surf_atoms:  26   points:   9   score:    4.7
[INFO] PocketPredictor - pocket14 -  surf_atoms:  24   points:  16   score:    4.3
[INFO] PocketPredictor - pocket15 -  surf_atoms:  22   points:  11   score:    4.1
[INFO] PocketPredictor - pocket16 -  surf_atoms:  37   points:  14   score:    4.1
[INFO] PocketPredictor - pocket17 -  surf_atoms:  27   points:   7   score:    4.1
[INFO] PocketPredictor - pocket18 -  surf_atoms:  24   points:  10   score:    4.0
[INFO] PocketPredictor - pocket19 -  surf_atoms:  28   points:  10   score:    4.0
[INFO] PocketPredictor - pocket20 -  surf_atoms:  18   points:  12   score:    3.9
[INFO] PocketPredictor - pocket21 -  surf_atoms:  19   points:  10   score:    3.7
[INFO] PocketPredictor - pocket22 -  surf_atoms:  21   points:   9   score:    3.5
[INFO] PocketPredictor - pocket23 -  surf_atoms:  23   points:   8   score:    3.3
[INFO] PocketPredictor - pocket24 -  surf_atoms:  16   points:  10   score:    3.3
[INFO] PocketPredictor - pocket25 -  surf_atoms:  15   points:   9   score:    3.0
[INFO] PocketPredictor - pocket26 -  surf_atoms:  23   points:   5   score:    2.9
[INFO] PocketPredictor - pocket27 -  surf_atoms:  23   points:   7   score:    2.7
[INFO] PocketPredictor - pocket28 -  surf_atoms:  20   points:   8   score:    2.7
[INFO] PocketPredictor - pocket29 -  surf_atoms:  12   points:   4   score:    1.9
[INFO] PocketPredictor - pocket30 -  surf_atoms:  18   points:   5   score:    1.9
[INFO] PocketPredictor - pocket31 -  surf_atoms:  10   points:   5   score:    1.7
[INFO] PocketPredictor - pocket32 -  surf_atoms:  17   points:   5   score:    1.7
[INFO] PocketPredictor - pocket33 -  surf_atoms:  13   points:   4   score:    1.7
[INFO] PocketPredictor - pocket34 -  surf_atoms:  17   points:   3   score:    1.4
[INFO] PocketPredictor - pocket35 -  surf_atoms:   6   points:   3   score:    0.7
[INFO] OldPymolRenderer - copying [/mnt/c/Users/liza_/Documents/2. Studium/0 Master/Meet-EU/meeteu/Nsp13Structures/5rm2_OK.pdb] to [/mnt/c/Users/liza_/Documents/2. Studium/0 Master/Meet-EU/p2rank_2.4/test_output/predict_all_structures/visualizations/data/5rm2_OK.pdb]
[INFO] OldPymolRenderer - copying [/mnt/c/Users/liza_/Documents/2. Studium/0 Master/Meet-EU/meeteu/Nsp13Structures/5rme_OK.pdb] to [/mnt/c/Users/liza_/Documents/2. Studium/0 Master/Meet-EU/p2rank_2.4/test_output/predict_all_structures/visualizations/data/5rme_OK.pdb]
[INFO] Protein - SAS points: 8485
[INFO] Protein - exposed protein atoms: 2848 of 4541
[INFO] InstancePredictor - Creating WekaInstancePredictor
[INFO] Protein - SAS points: 8369
[INFO] Protein - exposed protein atoms: 2768 of 4528
[INFO] Protein - SAS points: 15143
[INFO] InstancePredictor - Creating WekaInstancePredictor
[INFO] Protein - exposed protein atoms: 5531 of 9069
[INFO] InstancePredictor - Creating WekaInstancePredictor
[INFO] SLinkClusterer - clustering [663] elements
[INFO] SLinkClusterer - clusters: [id:12( 4 ), id:14( 2 ), id:16( 1 ), id:24( 5 ), id:25( 1 ), id:29( 9 ), id:35( 6 ), id:36( 1 ), id:37( 1 ), id:38( 3 ), id:39( 1 ), id:42( 2 ), id:70( 37 ), id:83( 3 ), id:92( 63 ), id:97( 1 ), id:109( 35 ), id:111( 1 ), id:113( 2 ), id:118( 1 ), id:119( 1 ), id:121( 2 ), id:122( 12 ), id:181( 32 ), id:196( 1 ), id:199( 1 ), id:200( 1 ), id:213( 1 ), id:218( 16 ), id:220( 1 ), id:230( 8 ), id:258( 7 ), id:259( 17 ), id:264( 13 ), id:267( 8 ), id:268( 1 ), id:270( 23 ), id:273( 1 ), id:282( 1 ), id:291( 2 ), id:314( 1 ), id:333( 7 ), id:345( 1 ), id:347( 2 ), id:350( 8 ), id:351( 1 ), id:352( 3 ), id:353( 1 ), id:361( 8 ), id:401( 8 ), id:405( 2 ), id:406( 3 ), id:407( 1 ), id:416( 8 ), id:417( 1 ), id:422( 4 ), id:424( 2 ), id:426( 1 ), id:433( 1 ), id:470( 11 ), id:485( 72 ), id:486( 2 ), id:487( 1 ), id:490( 5 ), id:492( 2 ), id:498( 45 ), id:499( 1 ), id:514( 1 ), id:520( 16 ), id:532( 8 ), id:563( 52 ), id:565( 15 ), id:568( 4 ), id:569( 1 ), id:579( 11 ), id:596( 2 ), id:597( 1 ), id:613( 3 ), id:617( 17 ), id:662( 2 )]
[INFO] SLinkClusterer - clusters together: 663 / 663
[INFO] PocketPredictor - PREDICTING POCKETS.... ====================================
[INFO] PocketPredictor - SAS POINTS: 15405
[INFO] PocketPredictor - LIGANDABLE POINTS: 663
[INFO] PocketPredictor - CLUSTERS: 80
[INFO] PocketPredictor - FILTERED CLUSTERS: 38
[INFO] PocketPredictor - pocket 1 -  surf_atoms:  66   points:  72   score:   25.6
[INFO] PocketPredictor - pocket 2 -  surf_atoms:  81   points:  63   score:   22.2
[INFO] PocketPredictor - pocket 3 -  surf_atoms:  55   points:  52   score:   20.4
[INFO] PocketPredictor - pocket 4 -  surf_atoms:  66   points:  45   score:   14.3
[INFO] PocketPredictor - pocket 5 -  surf_atoms:  55   points:  35   score:   13.6
[INFO] PocketPredictor - pocket 6 -  surf_atoms:  58   points:  37   score:   11.6
[INFO] PocketPredictor - pocket 7 -  surf_atoms:  35   points:  32   score:   11.1
[INFO] PocketPredictor - pocket 8 -  surf_atoms:  31   points:  23   score:   10.4
[INFO] PocketPredictor - pocket 9 -  surf_atoms:  31   points:  17   score:    5.9
[INFO] PocketPredictor - pocket10 -  surf_atoms:  26   points:  11   score:    5.6
[INFO] PocketPredictor - pocket11 -  surf_atoms:  26   points:  15   score:    5.0
[INFO] PocketPredictor - pocket12 -  surf_atoms:  41   points:  17   score:    4.9
[INFO] PocketPredictor - pocket13 -  surf_atoms:  25   points:  16   score:    4.3
[INFO] PocketPredictor - pocket14 -  surf_atoms:  23   points:  13   score:    4.3
[INFO] PocketPredictor - pocket15 -  surf_atoms:  21   points:  12   score:    4.2
[INFO] PocketPredictor - pocket16 -  surf_atoms:  22   points:  16   score:    4.0
[INFO] PocketPredictor - pocket17 -  surf_atoms:  24   points:   8   score:    3.9
[INFO] PocketPredictor - pocket18 -  surf_atoms:  27   points:   8   score:    3.9
[INFO] PocketPredictor - pocket19 -  surf_atoms:  23   points:  11   score:    3.7
[INFO] PocketPredictor - pocket20 -  surf_atoms:  22   points:   9   score:    3.5
[INFO] PocketPredictor - pocket21 -  surf_atoms:  25   points:   8   score:    3.5
[INFO] PocketPredictor - pocket22 -  surf_atoms:  19   points:   8   score:    3.5
[INFO] PocketPredictor - pocket23 -  surf_atoms:  16   points:   8   score:    3.5
[INFO] PocketPredictor - pocket24 -  surf_atoms:  19   points:   8   score:    3.4
[INFO] PocketPredictor - pocket25 -  surf_atoms:  22   points:   4   score:    3.1
[INFO] PocketPredictor - pocket26 -  surf_atoms:  15   points:   8   score:    3.0
[INFO] PocketPredictor - pocket27 -  surf_atoms:  24   points:   7   score:    2.9
[INFO] PocketPredictor - pocket28 -  surf_atoms:  17   points:   5   score:    2.3
[INFO] PocketPredictor - pocket29 -  surf_atoms:  22   points:   7   score:    2.2
[INFO] PocketPredictor - pocket30 -  surf_atoms:  12   points:   3   score:    2.1
[INFO] PocketPredictor - pocket31 -  surf_atoms:  14   points:   5   score:    2.1
[INFO] PocketPredictor - pocket32 -  surf_atoms:  16   points:   3   score:    1.7
[INFO] PocketPredictor - pocket33 -  surf_atoms:  19   points:   4   score:    1.7
[INFO] PocketPredictor - pocket34 -  surf_atoms:   9   points:   6   score:    1.6
[INFO] PocketPredictor - pocket35 -  surf_atoms:  14   points:   4   score:    1.5
[INFO] PocketPredictor - pocket36 -  surf_atoms:  12   points:   3   score:    1.0
[INFO] PocketPredictor - pocket37 -  surf_atoms:  11   points:   3   score:    0.9
[INFO] PocketPredictor - pocket38 -  surf_atoms:  12   points:   3   score:    0.8
[INFO] OldPymolRenderer - copying [/mnt/c/Users/liza_/Documents/2. Studium/0 Master/Meet-EU/meeteu/Nsp13Structures/6zsl_OK.pdb] to [/mnt/c/Users/liza_/Documents/2. Studium/0 Master/Meet-EU/p2rank_2.4/test_output/predict_all_structures/visualizations/data/6zsl_OK.pdb]
[INFO] Struct - groups in chain A: 592
[INFO] Struct - groups in chain B: 594
[INFO] Struct - groups in chain C: 592
[INFO] Struct - groups in chain D: 592
[INFO] Struct - groups in chain A: 592
[INFO] Struct - 592 groups in chain A
[INFO] Struct - groups in chain B: 594
[INFO] Struct - 594 groups in chain B
[INFO] Struct - groups in chain C: 592
[INFO] Struct - 592 groups in chain C
[INFO] Struct - groups in chain D: 592
[INFO] Struct - 592 groups in chain D
[INFO] Protein - structure atoms: 37089
[INFO] Protein - protein   atoms: 18125
[INFO] Protein - ignoring ligands
[INFO] FeatureSetup - enabledFeatures: [chem, volsite, protrusion, bfactor, atom_table]
[INFO] SLinkClusterer - clustering [317] elements
[INFO] SLinkClusterer - clusters: [id:7( 1 ), id:12( 4 ), id:14( 6 ), id:20( 3 ), id:25( 8 ), id:28( 2 ), id:32( 5 ), id:59( 1 ), id:90( 1 ), id:134( 12 ), id:135( 1 ), id:164( 2 ), id:165( 118 ), id:168( 15 ), id:191( 2 ), id:194( 16 ), id:218( 50 ), id:219( 19 ), id:230( 11 ), id:244( 6 ), id:247( 1 ), id:250( 4 ), id:252( 3 ), id:253( 1 ), id:269( 19 ), id:312( 1 ), id:316( 5 )]
[INFO] SLinkClusterer - clusters together: 317 / 317
[INFO] PocketPredictor - PREDICTING POCKETS.... ====================================
[INFO] PocketPredictor - SAS POINTS: 7682
[INFO] PocketPredictor - LIGANDABLE POINTS: 317
[INFO] PocketPredictor - CLUSTERS: 27
[INFO] PocketPredictor - FILTERED CLUSTERS: 17
[INFO] Dataset - 
------------------------------------------------------------------------------------------------------------------------
processing [7nn0_OK_C.pdb] (16/17)
------------------------------------------------------------------------------------------------------------------------

[INFO] Console - processing [7nn0_OK_C.pdb] (16/17)
[INFO] Protein - loading protein [/mnt/c/Users/liza_/Documents/2. Studium/0 Master/Meet-EU/meeteu/Nsp13Structures/7nn0_OK_C.pdb]
[INFO] PdbUtils - loading file [../meeteu/Nsp13Structures/7nn0_OK_C.pdb]
[INFO] Dataset - 
------------------------------------------------------------------------------------------------------------------------
processing [7nn0_OK_D.pdb] (17/17)
------------------------------------------------------------------------------------------------------------------------

[INFO] Console - processing [7nn0_OK_D.pdb] (17/17)
[INFO] Protein - loading protein [/mnt/c/Users/liza_/Documents/2. Studium/0 Master/Meet-EU/meeteu/Nsp13Structures/7nn0_OK_D.pdb]
[INFO] PdbUtils - loading file [../meeteu/Nsp13Structures/7nn0_OK_D.pdb]
[INFO] PocketPredictor - pocket 1 -  surf_atoms: 136   points: 118   score:   44.2
[INFO] PocketPredictor - pocket 2 -  surf_atoms:  50   points:  50   score:   14.7
[INFO] PocketPredictor - pocket 3 -  surf_atoms:  19   points:  15   score:    7.0
[INFO] PocketPredictor - pocket 4 -  surf_atoms:  37   points:  19   score:    6.3
[INFO] PocketPredictor - pocket 5 -  surf_atoms:  33   points:  19   score:    5.8
[INFO] PocketPredictor - pocket 6 -  surf_atoms:  21   points:  16   score:    5.7
[INFO] PocketPredictor - pocket 7 -  surf_atoms:  30   points:  12   score:    5.2
[INFO] PocketPredictor - pocket 8 -  surf_atoms:  20   points:  11   score:    3.7
[INFO] PocketPredictor - pocket 9 -  surf_atoms:  18   points:   8   score:    2.7
[INFO] PocketPredictor - pocket10 -  surf_atoms:  13   points:   6   score:    2.4
[INFO] PocketPredictor - pocket11 -  surf_atoms:  12   points:   4   score:    1.9
[INFO] PocketPredictor - pocket12 -  surf_atoms:  17   points:   6   score:    1.7
[INFO] PocketPredictor - pocket13 -  surf_atoms:  12   points:   5   score:    1.6
[INFO] PocketPredictor - pocket14 -  surf_atoms:  12   points:   5   score:    1.5
[INFO] PocketPredictor - pocket15 -  surf_atoms:   8   points:   3   score:    1.3
[INFO] PocketPredictor - pocket16 -  surf_atoms:  20   points:   4   score:    1.1
[INFO] PocketPredictor - pocket17 -  surf_atoms:   8   points:   3   score:    1.0
[INFO] Struct - groups in chain D: 592
[INFO] Struct - groups in chain C: 592
[INFO] Struct - groups in chain D: 592
[INFO] Struct - groups in chain C: 592
[INFO] Struct - 592 groups in chain D
[INFO] Struct - 592 groups in chain C
[INFO] Protein - structure atoms: 9265
[INFO] Protein - protein   atoms: 4528
[INFO] Protein - ignoring ligands
[INFO] FeatureSetup - enabledFeatures: [chem, volsite, protrusion, bfactor, atom_table]
[INFO] Protein - structure atoms: 9266
[INFO] Protein - protein   atoms: 4528
[INFO] Protein - ignoring ligands
[INFO] FeatureSetup - enabledFeatures: [chem, volsite, protrusion, bfactor, atom_table]
[INFO] OldPymolRenderer - copying [/mnt/c/Users/liza_/Documents/2. Studium/0 Master/Meet-EU/meeteu/Nsp13Structures/7nio_OK_E.pdb] to [/mnt/c/Users/liza_/Documents/2. Studium/0 Master/Meet-EU/p2rank_2.4/test_output/predict_all_structures/visualizations/data/7nio_OK_E.pdb]
[INFO] SLinkClusterer - clustering [312] elements
[INFO] SLinkClusterer - clusters: [id:3( 2 ), id:8( 7 ), id:14( 2 ), id:15( 1 ), id:17( 6 ), id:19( 2 ), id:21( 1 ), id:22( 1 ), id:49( 5 ), id:69( 81 ), id:74( 66 ), id:77( 1 ), id:78( 1 ), id:79( 1 ), id:90( 6 ), id:96( 1 ), id:144( 15 ), id:153( 2 ), id:203( 1 ), id:204( 2 ), id:225( 5 ), id:234( 12 ), id:236( 1 ), id:242( 10 ), id:243( 1 ), id:247( 1 ), id:250( 1 ), id:265( 23 ), id:281( 50 ), id:301( 2 ), id:311( 2 )]
[INFO] SLinkClusterer - clusters together: 312 / 312
[INFO] PocketPredictor - PREDICTING POCKETS.... ====================================
[INFO] PocketPredictor - SAS POINTS: 7898
[INFO] PocketPredictor - LIGANDABLE POINTS: 312
[INFO] PocketPredictor - CLUSTERS: 31
[INFO] PocketPredictor - FILTERED CLUSTERS: 12
[INFO] PocketPredictor - pocket 1 -  surf_atoms: 103   points:  81   score:   28.8
[INFO] PocketPredictor - pocket 2 -  surf_atoms:  61   points:  66   score:   24.0
[INFO] PocketPredictor - pocket 3 -  surf_atoms:  55   points:  50   score:   20.1
[INFO] PocketPredictor - pocket 4 -  surf_atoms:  29   points:  23   score:    9.1
[INFO] PocketPredictor - pocket 5 -  surf_atoms:  27   points:  15   score:    6.1
[INFO] PocketPredictor - pocket 6 -  surf_atoms:  17   points:  12   score:    4.0
[INFO] PocketPredictor - pocket 7 -  surf_atoms:  16   points:  10   score:    3.2
[INFO] PocketPredictor - pocket 8 -  surf_atoms:  18   points:   7   score:    2.7
[INFO] PocketPredictor - pocket 9 -  surf_atoms:  15   points:   6   score:    2.3
[INFO] PocketPredictor - pocket10 -  surf_atoms:  10   points:   5   score:    2.0
[INFO] PocketPredictor - pocket11 -  surf_atoms:  18   points:   5   score:    1.9
[INFO] PocketPredictor - pocket12 -  surf_atoms:  13   points:   6   score:    1.7
[INFO] OldPymolRenderer - copying [/mnt/c/Users/liza_/Documents/2. Studium/0 Master/Meet-EU/meeteu/Nsp13Structures/7nio_OK_A.pdb] to [/mnt/c/Users/liza_/Documents/2. Studium/0 Master/Meet-EU/p2rank_2.4/test_output/predict_all_structures/visualizations/data/7nio_OK_A.pdb]
[INFO] Protein - SAS points: 8513
[INFO] Protein - exposed protein atoms: 2833 of 4528
[INFO] InstancePredictor - Creating WekaInstancePredictor
[INFO] Protein - SAS points: 8292
[INFO] Protein - exposed protein atoms: 2816 of 4528
[INFO] InstancePredictor - Creating WekaInstancePredictor
[INFO] SLinkClusterer - clustering [60] elements
[INFO] SLinkClusterer - clusters: [id:0( 1 ), id:6( 6 ), id:7( 1 ), id:9( 1 ), id:10( 2 ), id:12( 2 ), id:35( 35 ), id:36( 2 ), id:41( 7 ), id:42( 1 ), id:49( 2 )]
[INFO] SLinkClusterer - clusters together: 60 / 60
[INFO] PocketPredictor - PREDICTING POCKETS.... ====================================
[INFO] PocketPredictor - SAS POINTS: 8485
[INFO] PocketPredictor - LIGANDABLE POINTS: 60
[INFO] PocketPredictor - CLUSTERS: 11
[INFO] PocketPredictor - FILTERED CLUSTERS: 3
[INFO] PocketPredictor - pocket 1 -  surf_atoms:  49   points:  35   score:   10.9
[INFO] PocketPredictor - pocket 2 -  surf_atoms:  24   points:   7   score:    3.0
[INFO] PocketPredictor - pocket 3 -  surf_atoms:  16   points:   6   score:    2.2
[INFO] OldPymolRenderer - copying [/mnt/c/Users/liza_/Documents/2. Studium/0 Master/Meet-EU/meeteu/Nsp13Structures/7nn0_OK_B.pdb] to [/mnt/c/Users/liza_/Documents/2. Studium/0 Master/Meet-EU/p2rank_2.4/test_output/predict_all_structures/visualizations/data/7nn0_OK_B.pdb]
[INFO] SLinkClusterer - clustering [82] elements
[INFO] SLinkClusterer - clusters: [id:3( 4 ), id:8( 4 ), id:19( 12 ), id:23( 4 ), id:49( 3 ), id:58( 4 ), id:63( 6 ), id:68( 2 ), id:70( 1 ), id:71( 2 ), id:72( 2 ), id:80( 1 ), id:81( 37 )]
[INFO] SLinkClusterer - clusters together: 82 / 82
[INFO] PocketPredictor - PREDICTING POCKETS.... ====================================
[INFO] PocketPredictor - SAS POINTS: 8369
[INFO] PocketPredictor - LIGANDABLE POINTS: 82
[INFO] PocketPredictor - CLUSTERS: 13
[INFO] PocketPredictor - FILTERED CLUSTERS: 8
[INFO] PocketPredictor - pocket 1 -  surf_atoms:  44   points:  37   score:   12.2
[INFO] PocketPredictor - pocket 2 -  surf_atoms:  30   points:  12   score:    4.8
[INFO] PocketPredictor - pocket 3 -  surf_atoms:  17   points:   6   score:    2.0
[INFO] PocketPredictor - pocket 4 -  surf_atoms:  20   points:   4   score:    2.0
[INFO] PocketPredictor - pocket 5 -  surf_atoms:  16   points:   4   score:    1.6
[INFO] PocketPredictor - pocket 6 -  surf_atoms:  20   points:   4   score:    1.4
[INFO] PocketPredictor - pocket 7 -  surf_atoms:  19   points:   4   score:    1.3
[INFO] PocketPredictor - pocket 8 -  surf_atoms:  13   points:   3   score:    1.0
[INFO] OldPymolRenderer - copying [/mnt/c/Users/liza_/Documents/2. Studium/0 Master/Meet-EU/meeteu/Nsp13Structures/7nn0_OK_A.pdb] to [/mnt/c/Users/liza_/Documents/2. Studium/0 Master/Meet-EU/p2rank_2.4/test_output/predict_all_structures/visualizations/data/7nn0_OK_A.pdb]
[INFO] SLinkClusterer - clustering [77] elements
[INFO] SLinkClusterer - clusters: [id:7( 1 ), id:9( 6 ), id:12( 2 ), id:13( 5 ), id:15( 2 ), id:18( 1 ), id:20( 3 ), id:22( 2 ), id:24( 2 ), id:26( 2 ), id:43( 27 ), id:49( 2 ), id:50( 1 ), id:54( 16 ), id:57( 2 ), id:58( 1 ), id:76( 2 )]
[INFO] SLinkClusterer - clusters together: 77 / 77
[INFO] PocketPredictor - PREDICTING POCKETS.... ====================================
[INFO] PocketPredictor - SAS POINTS: 8513
[INFO] PocketPredictor - LIGANDABLE POINTS: 77
[INFO] PocketPredictor - CLUSTERS: 17
[INFO] PocketPredictor - FILTERED CLUSTERS: 5
[INFO] PocketPredictor - pocket 1 -  surf_atoms:  37   points:  27   score:    9.8
[INFO] PocketPredictor - pocket 2 -  surf_atoms:  38   points:  16   score:    4.5
[INFO] PocketPredictor - pocket 3 -  surf_atoms:  20   points:   6   score:    1.8
[INFO] PocketPredictor - pocket 4 -  surf_atoms:  20   points:   3   score:    1.7
[INFO] PocketPredictor - pocket 5 -  surf_atoms:  12   points:   5   score:    1.6
[INFO] OldPymolRenderer - copying [/mnt/c/Users/liza_/Documents/2. Studium/0 Master/Meet-EU/meeteu/Nsp13Structures/7nn0_OK_D.pdb] to [/mnt/c/Users/liza_/Documents/2. Studium/0 Master/Meet-EU/p2rank_2.4/test_output/predict_all_structures/visualizations/data/7nn0_OK_D.pdb]
[INFO] SLinkClusterer - clustering [92] elements
[INFO] SLinkClusterer - clusters: [id:7( 6 ), id:12( 5 ), id:14( 1 ), id:16( 5 ), id:17( 1 ), id:27( 15 ), id:31( 1 ), id:37( 1 ), id:54( 26 ), id:60( 1 ), id:69( 1 ), id:73( 3 ), id:87( 23 ), id:91( 3 )]
[INFO] SLinkClusterer - clusters together: 92 / 92
[INFO] PocketPredictor - PREDICTING POCKETS.... ====================================
[INFO] PocketPredictor - SAS POINTS: 8292
[INFO] PocketPredictor - LIGANDABLE POINTS: 92
[INFO] PocketPredictor - CLUSTERS: 14
[INFO] PocketPredictor - FILTERED CLUSTERS: 8
[INFO] Protein - SAS points: 31619
[INFO] PocketPredictor - pocket 1 -  surf_atoms:  46   points:  26   score:   10.1
[INFO] PocketPredictor - pocket 2 -  surf_atoms:  39   points:  23   score:    6.7
[INFO] PocketPredictor - pocket 3 -  surf_atoms:  30   points:  15   score:    6.0
[INFO] PocketPredictor - pocket 4 -  surf_atoms:  22   points:   6   score:    2.2
[INFO] PocketPredictor - pocket 5 -  surf_atoms:  16   points:   5   score:    2.0
[INFO] PocketPredictor - pocket 6 -  surf_atoms:  12   points:   5   score:    1.8
[INFO] PocketPredictor - pocket 7 -  surf_atoms:  10   points:   3   score:    1.4
[INFO] PocketPredictor - pocket 8 -  surf_atoms:  15   points:   3   score:    1.4
[INFO] Protein - exposed protein atoms: 11153 of 18125
[INFO] OldPymolRenderer - copying [/mnt/c/Users/liza_/Documents/2. Studium/0 Master/Meet-EU/meeteu/Nsp13Structures/7nn0_OK_C.pdb] to [/mnt/c/Users/liza_/Documents/2. Studium/0 Master/Meet-EU/p2rank_2.4/test_output/predict_all_structures/visualizations/data/7nn0_OK_C.pdb]
[INFO] InstancePredictor - Creating WekaInstancePredictor
[INFO] SLinkClusterer - clustering [750] elements
[INFO] SLinkClusterer - clusters: [id:3( 2 ), id:8( 7 ), id:14( 2 ), id:15( 1 ), id:17( 6 ), id:19( 2 ), id:25( 5 ), id:26( 1 ), id:53( 5 ), id:73( 81 ), id:80( 122 ), id:81( 1 ), id:83( 1 ), id:94( 6 ), id:100( 1 ), id:148( 15 ), id:157( 2 ), id:207( 1 ), id:208( 2 ), id:218( 2 ), id:237( 5 ), id:246( 12 ), id:248( 1 ), id:254( 10 ), id:255( 1 ), id:273( 1 ), id:276( 1 ), id:295( 23 ), id:311( 50 ), id:371( 108 ), id:375( 5 ), id:379( 2 ), id:387( 1 ), id:392( 4 ), id:394( 6 ), id:399( 1 ), id:400( 1 ), id:402( 3 ), id:407( 8 ), id:410( 2 ), id:414( 5 ), id:448( 1 ), id:474( 1 ), id:516( 1 ), id:519( 12 ), id:548( 2 ), id:549( 118 ), id:552( 15 ), id:575( 2 ), id:578( 16 ), id:600( 2 ), id:605( 19 ), id:616( 11 ), id:636( 6 ), id:643( 1 ), id:646( 4 ), id:648( 3 ), id:649( 1 ), id:668( 19 ), id:736( 1 )]
[INFO] SLinkClusterer - clusters together: 750 / 750
[INFO] PocketPredictor - PREDICTING POCKETS.... ====================================
[INFO] PocketPredictor - SAS POINTS: 15143
[INFO] PocketPredictor - LIGANDABLE POINTS: 750
[INFO] PocketPredictor - CLUSTERS: 60
[INFO] PocketPredictor - FILTERED CLUSTERS: 30
[INFO] PocketPredictor - pocket 1 -  surf_atoms: 136   points: 118   score:   44.2
[INFO] PocketPredictor - pocket 2 -  surf_atoms: 103   points: 122   score:   42.7
[INFO] PocketPredictor - pocket 3 -  surf_atoms:  98   points: 108   score:   32.6
[INFO] PocketPredictor - pocket 4 -  surf_atoms: 103   points:  81   score:   28.8
[INFO] PocketPredictor - pocket 5 -  surf_atoms:  55   points:  50   score:   20.1
[INFO] PocketPredictor - pocket 6 -  surf_atoms:  29   points:  23   score:    9.1
[INFO] PocketPredictor - pocket 7 -  surf_atoms:  19   points:  15   score:    7.0
[INFO] PocketPredictor - pocket 8 -  surf_atoms:  37   points:  19   score:    6.3
[INFO] PocketPredictor - pocket 9 -  surf_atoms:  27   points:  15   score:    6.1
[INFO] PocketPredictor - pocket10 -  surf_atoms:  33   points:  19   score:    5.8
[INFO] PocketPredictor - pocket11 -  surf_atoms:  21   points:  16   score:    5.7
[INFO] PocketPredictor - pocket12 -  surf_atoms:  30   points:  12   score:    5.2
[INFO] PocketPredictor - pocket13 -  surf_atoms:  17   points:  12   score:    4.0
[INFO] PocketPredictor - pocket14 -  surf_atoms:  20   points:  11   score:    3.7
[INFO] PocketPredictor - pocket15 -  surf_atoms:  24   points:   5   score:    3.4
[INFO] PocketPredictor - pocket16 -  surf_atoms:  16   points:  10   score:    3.2
[INFO] PocketPredictor - pocket17 -  surf_atoms:  18   points:   8   score:    2.7
[INFO] PocketPredictor - pocket18 -  surf_atoms:  18   points:   7   score:    2.7
[INFO] PocketPredictor - pocket19 -  surf_atoms:  13   points:   6   score:    2.4
[INFO] PocketPredictor - pocket20 -  surf_atoms:  15   points:   6   score:    2.3
[INFO] PocketPredictor - pocket21 -  surf_atoms:  13   points:   5   score:    2.0
[INFO] PocketPredictor - pocket22 -  surf_atoms:  10   points:   5   score:    2.0
[INFO] PocketPredictor - pocket23 -  surf_atoms:  18   points:   5   score:    1.9
[INFO] PocketPredictor - pocket24 -  surf_atoms:  12   points:   4   score:    1.9
[INFO] PocketPredictor - pocket25 -  surf_atoms:  13   points:   6   score:    1.7
[INFO] PocketPredictor - pocket26 -  surf_atoms:  17   points:   6   score:    1.7
[INFO] PocketPredictor - pocket27 -  surf_atoms:  12   points:   5   score:    1.6
[INFO] PocketPredictor - pocket28 -  surf_atoms:   8   points:   3   score:    1.3
[INFO] PocketPredictor - pocket29 -  surf_atoms:  20   points:   4   score:    1.1
[INFO] PocketPredictor - pocket30 -  surf_atoms:   8   points:   3   score:    1.0
[INFO] OldPymolRenderer - copying [/mnt/c/Users/liza_/Documents/2. Studium/0 Master/Meet-EU/meeteu/Nsp13Structures/7nio_OK.pdb] to [/mnt/c/Users/liza_/Documents/2. Studium/0 Master/Meet-EU/p2rank_2.4/test_output/predict_all_structures/visualizations/data/7nio_OK.pdb]
[INFO] SLinkClusterer - clustering [399] elements
[INFO] SLinkClusterer - clusters: [id:9( 5 ), id:10( 1 ), id:13( 4 ), id:19( 9 ), id:30( 12 ), id:34( 4 ), id:41( 8 ), id:42( 6 ), id:47( 10 ), id:49( 1 ), id:73( 3 ), id:89( 6 ), id:99( 1 ), id:100( 2 ), id:101( 2 ), id:113( 1 ), id:124( 1 ), id:125( 38 ), id:126( 7 ), id:128( 2 ), id:130( 1 ), id:133( 4 ), id:140( 7 ), id:141( 1 ), id:143( 1 ), id:144( 2 ), id:150( 7 ), id:151( 2 ), id:176( 35 ), id:177( 2 ), id:188( 7 ), id:190( 7 ), id:191( 1 ), id:198( 2 ), id:216( 6 ), id:219( 1 ), id:222( 5 ), id:224( 1 ), id:226( 5 ), id:227( 1 ), id:237( 15 ), id:241( 1 ), id:247( 1 ), id:264( 26 ), id:270( 1 ), id:279( 1 ), id:282( 1 ), id:285( 3 ), id:289( 1 ), id:290( 3 ), id:298( 26 ), id:308( 1 ), id:309( 3 ), id:317( 1 ), id:319( 6 ), id:322( 2 ), id:323( 5 ), id:325( 2 ), id:328( 1 ), id:330( 3 ), id:332( 2 ), id:334( 2 ), id:336( 2 ), id:353( 27 ), id:359( 2 ), id:360( 1 ), id:364( 16 ), id:367( 2 ), id:368( 1 ), id:384( 20 )]
[INFO] SLinkClusterer - clusters together: 399 / 399
[INFO] PocketPredictor - PREDICTING POCKETS.... ====================================
[INFO] PocketPredictor - SAS POINTS: 31619
[INFO] PocketPredictor - LIGANDABLE POINTS: 399
[INFO] PocketPredictor - CLUSTERS: 70
[INFO] PocketPredictor - FILTERED CLUSTERS: 33
[INFO] PocketPredictor - pocket 1 -  surf_atoms:  47   points:  38   score:   12.7
[INFO] PocketPredictor - pocket 2 -  surf_atoms:  49   points:  35   score:   10.9
[INFO] PocketPredictor - pocket 3 -  surf_atoms:  46   points:  26   score:   10.1
[INFO] PocketPredictor - pocket 4 -  surf_atoms:  37   points:  27   score:    9.8
[INFO] PocketPredictor - pocket 5 -  surf_atoms:  42   points:  26   score:    7.2
[INFO] PocketPredictor - pocket 6 -  surf_atoms:  43   points:  20   score:    6.1
[INFO] PocketPredictor - pocket 7 -  surf_atoms:  30   points:  15   score:    6.0
[INFO] PocketPredictor - pocket 8 -  surf_atoms:  30   points:  12   score:    4.9
[INFO] PocketPredictor - pocket 9 -  surf_atoms:  38   points:  16   score:    4.5
[INFO] PocketPredictor - pocket10 -  surf_atoms:  23   points:   9   score:    3.5
[INFO] PocketPredictor - pocket11 -  surf_atoms:  30   points:   8   score:    3.4
[INFO] PocketPredictor - pocket12 -  surf_atoms:  22   points:  10   score:    3.3
[INFO] PocketPredictor - pocket13 -  surf_atoms:  25   points:   5   score:    3.2
[INFO] PocketPredictor - pocket14 -  surf_atoms:  27   points:   7   score:    3.1
[INFO] PocketPredictor - pocket15 -  surf_atoms:  24   points:   7   score:    3.0
[INFO] PocketPredictor - pocket16 -  surf_atoms:  20   points:   6   score:    2.9
[INFO] PocketPredictor - pocket17 -  surf_atoms:  16   points:   7   score:    2.8
[INFO] PocketPredictor - pocket18 -  surf_atoms:  29   points:   7   score:    2.8
[INFO] PocketPredictor - pocket19 -  surf_atoms:  20   points:   7   score:    2.5
[INFO] PocketPredictor - pocket20 -  surf_atoms:  20   points:   4   score:    2.4
[INFO] PocketPredictor - pocket21 -  surf_atoms:  22   points:   6   score:    2.2
[INFO] PocketPredictor - pocket22 -  surf_atoms:  17   points:   6   score:    2.0
[INFO] PocketPredictor - pocket23 -  surf_atoms:  16   points:   5   score:    2.0
[INFO] PocketPredictor - pocket24 -  surf_atoms:  12   points:   5   score:    1.8
[INFO] PocketPredictor - pocket25 -  surf_atoms:  20   points:   6   score:    1.8
[INFO] PocketPredictor - pocket26 -  surf_atoms:  20   points:   3   score:    1.7
[INFO] PocketPredictor - pocket27 -  surf_atoms:  12   points:   5   score:    1.6
[INFO] PocketPredictor - pocket28 -  surf_atoms:  13   points:   3   score:    1.5
[INFO] PocketPredictor - pocket29 -  surf_atoms:  10   points:   3   score:    1.4
[INFO] PocketPredictor - pocket30 -  surf_atoms:  19   points:   4   score:    1.4
[INFO] PocketPredictor - pocket31 -  surf_atoms:  20   points:   4   score:    1.4
[INFO] PocketPredictor - pocket32 -  surf_atoms:  15   points:   3   score:    1.4
[INFO] PocketPredictor - pocket33 -  surf_atoms:   7   points:   3   score:    1.1
[INFO] OldPymolRenderer - copying [/mnt/c/Users/liza_/Documents/2. Studium/0 Master/Meet-EU/meeteu/Nsp13Structures/7nn0_OK.pdb] to [/mnt/c/Users/liza_/Documents/2. Studium/0 Master/Meet-EU/p2rank_2.4/test_output/predict_all_structures/visualizations/data/7nn0_OK.pdb]
[INFO] Console - predicting pockets finished in 0 hours 0 minutes 18.326 seconds
[INFO] Console - results saved to directory [/mnt/c/Users/liza_/Documents/2. Studium/0 Master/Meet-EU/p2rank_2.4/test_output/predict_all_structures]
[INFO] Console - 
[INFO] Console - ----------------------------------------------------------------------------------------------
[INFO] Console -  finished successfully in 0 hours 0 minutes 19.847 seconds
[INFO] Console - ----------------------------------------------------------------------------------------------
